Obtaining file:///home2/davidyi6/ling-575-analyzing-nn-group
  Preparing metadata (setup.py): started
  Preparing metadata (setup.py): finished with status 'done'
Requirement already satisfied: transformers in /home2/davidyi6/anaconda3/envs/575nn/lib/python3.9/site-packages (from alternationprober==0.0.1) (4.16.2)
Requirement already satisfied: packaging>=20.0 in /home2/davidyi6/anaconda3/envs/575nn/lib/python3.9/site-packages (from transformers->alternationprober==0.0.1) (21.3)
Requirement already satisfied: sacremoses in /home2/davidyi6/anaconda3/envs/575nn/lib/python3.9/site-packages (from transformers->alternationprober==0.0.1) (0.0.49)
Requirement already satisfied: tokenizers!=0.11.3,>=0.10.1 in /home2/davidyi6/anaconda3/envs/575nn/lib/python3.9/site-packages (from transformers->alternationprober==0.0.1) (0.10.3)
Requirement already satisfied: requests in /home2/davidyi6/anaconda3/envs/575nn/lib/python3.9/site-packages (from transformers->alternationprober==0.0.1) (2.27.1)
Requirement already satisfied: regex!=2019.12.17 in /home2/davidyi6/anaconda3/envs/575nn/lib/python3.9/site-packages (from transformers->alternationprober==0.0.1) (2022.4.24)
Requirement already satisfied: pyyaml>=5.1 in /home2/davidyi6/anaconda3/envs/575nn/lib/python3.9/site-packages (from transformers->alternationprober==0.0.1) (6.0)
Requirement already satisfied: tqdm>=4.27 in /home2/davidyi6/anaconda3/envs/575nn/lib/python3.9/site-packages (from transformers->alternationprober==0.0.1) (4.64.0)
Requirement already satisfied: filelock in /home2/davidyi6/anaconda3/envs/575nn/lib/python3.9/site-packages (from transformers->alternationprober==0.0.1) (3.6.0)
Requirement already satisfied: huggingface-hub<1.0,>=0.1.0 in /home2/davidyi6/anaconda3/envs/575nn/lib/python3.9/site-packages (from transformers->alternationprober==0.0.1) (0.5.1)
Requirement already satisfied: numpy>=1.17 in /home2/davidyi6/anaconda3/envs/575nn/lib/python3.9/site-packages (from transformers->alternationprober==0.0.1) (1.21.5)
Requirement already satisfied: typing-extensions>=3.7.4.3 in /home2/davidyi6/anaconda3/envs/575nn/lib/python3.9/site-packages (from huggingface-hub<1.0,>=0.1.0->transformers->alternationprober==0.0.1) (4.2.0)
Requirement already satisfied: pyparsing!=3.0.5,>=2.0.2 in /home2/davidyi6/anaconda3/envs/575nn/lib/python3.9/site-packages (from packaging>=20.0->transformers->alternationprober==0.0.1) (3.0.8)
Requirement already satisfied: charset-normalizer~=2.0.0 in /home2/davidyi6/anaconda3/envs/575nn/lib/python3.9/site-packages (from requests->transformers->alternationprober==0.0.1) (2.0.12)
Requirement already satisfied: idna<4,>=2.5 in /home2/davidyi6/anaconda3/envs/575nn/lib/python3.9/site-packages (from requests->transformers->alternationprober==0.0.1) (3.3)
Requirement already satisfied: urllib3<1.27,>=1.21.1 in /home2/davidyi6/anaconda3/envs/575nn/lib/python3.9/site-packages (from requests->transformers->alternationprober==0.0.1) (1.26.9)
Requirement already satisfied: certifi>=2017.4.17 in /home2/davidyi6/anaconda3/envs/575nn/lib/python3.9/site-packages (from requests->transformers->alternationprober==0.0.1) (2021.10.8)
Requirement already satisfied: six in /home2/davidyi6/anaconda3/envs/575nn/lib/python3.9/site-packages (from sacremoses->transformers->alternationprober==0.0.1) (1.16.0)
Requirement already satisfied: click in /home2/davidyi6/anaconda3/envs/575nn/lib/python3.9/site-packages (from sacremoses->transformers->alternationprober==0.0.1) (8.1.3)
Requirement already satisfied: joblib in /home2/davidyi6/anaconda3/envs/575nn/lib/python3.9/site-packages (from sacremoses->transformers->alternationprober==0.0.1) (1.1.0)
Installing collected packages: alternationprober
  Attempting uninstall: alternationprober
    Found existing installation: alternationprober 0.0.1
    Uninstalling alternationprober-0.0.1:
      Successfully uninstalled alternationprober-0.0.1
  Running setup.py develop for alternationprober
Successfully installed alternationprober-0.0.1
Creating contextual embeddings for 516 verbs
