000 (374702.000.000) 05/02 10:45:37 Job submitted from host: <192.168.100.50:9618?addrs=192.168.100.50-9618&noUDP&sock=1220_65a1_3>
...
001 (374702.000.000) 05/02 10:45:51 Job executing on host: <192.168.100.61:9618?addrs=192.168.100.61-9618&noUDP&sock=15716_7280_4>
...
007 (374702.000.000) 05/02 10:45:51 Shadow exception!
	Error from slot1_1@patas-gn2.ling.washington.edu: Failed to execute '/home2/davidyi6/ling-575-analyzing-nn-group/src/alternationprober/embeddings/./src/alternationprober/embeddings/get_bert_context_word_embeddings.sh': (errno=2: 'No such file or directory')
	0  -  Run Bytes Sent By Job
	0  -  Run Bytes Received By Job
...
012 (374702.000.000) 05/02 10:45:51 Job was held.
	Error from slot1_1@patas-gn2.ling.washington.edu: Failed to execute '/home2/davidyi6/ling-575-analyzing-nn-group/src/alternationprober/embeddings/./src/alternationprober/embeddings/get_bert_context_word_embeddings.sh': (errno=2: 'No such file or directory')
	Code 6 Subcode 2
...
009 (374702.000.000) 05/02 10:47:21 Job was aborted by the user.
	via condor_rm (by user davidyi6)
...
000 (374704.000.000) 05/02 10:47:24 Job submitted from host: <192.168.100.50:9618?addrs=192.168.100.50-9618&noUDP&sock=1220_65a1_3>
...
001 (374704.000.000) 05/02 10:47:31 Job executing on host: <192.168.100.61:9618?addrs=192.168.100.61-9618&noUDP&sock=15716_7280_4>
...
006 (374704.000.000) 05/02 10:47:39 Image size of job updated: 34124
	34  -  MemoryUsage of job (MB)
	34124  -  ResidentSetSize of job (KB)
...
006 (374704.000.000) 05/02 10:47:50 Image size of job updated: 34124
	34  -  MemoryUsage of job (MB)
	34136  -  ResidentSetSize of job (KB)
...
005 (374704.000.000) 05/02 10:47:50 Job terminated.
	(1) Normal termination (return value 1)
		Usr 0 00:00:07, Sys 0 00:00:03  -  Run Remote Usage
		Usr 0 00:00:00, Sys 0 00:00:00  -  Run Local Usage
		Usr 0 00:00:07, Sys 0 00:00:03  -  Total Remote Usage
		Usr 0 00:00:00, Sys 0 00:00:00  -  Total Local Usage
	0  -  Run Bytes Sent By Job
	0  -  Run Bytes Received By Job
	0  -  Total Bytes Sent By Job
	0  -  Total Bytes Received By Job
	Partitionable Resources :    Usage  Request Allocated
	   Cpus                 :                 1         1
	   Disk (KB)            :        1        1     28731
	   Gpus                 :                 1         1
	   Memory (MB)          :       34     9096      9096
...
000 (374706.000.000) 05/02 10:49:46 Job submitted from host: <192.168.100.50:9618?addrs=192.168.100.50-9618&noUDP&sock=1220_65a1_3>
...
000 (374708.000.000) 05/02 10:51:41 Job submitted from host: <192.168.100.50:9618?addrs=192.168.100.50-9618&noUDP&sock=1220_65a1_3>
...
001 (374708.000.000) 05/02 10:51:41 Job executing on host: <192.168.100.51:9618?addrs=192.168.100.51-9618&noUDP&sock=1064592_243a_4>
...
006 (374708.000.000) 05/02 10:51:50 Image size of job updated: 38796
	33  -  MemoryUsage of job (MB)
	33408  -  ResidentSetSize of job (KB)
...
006 (374708.000.000) 05/02 10:52:16 Image size of job updated: 131160
	33  -  MemoryUsage of job (MB)
	33408  -  ResidentSetSize of job (KB)
...
005 (374708.000.000) 05/02 10:52:16 Job terminated.
	(1) Normal termination (return value 1)
		Usr 0 00:00:10, Sys 0 00:00:02  -  Run Remote Usage
		Usr 0 00:00:00, Sys 0 00:00:00  -  Run Local Usage
		Usr 0 00:00:10, Sys 0 00:00:02  -  Total Remote Usage
		Usr 0 00:00:00, Sys 0 00:00:00  -  Total Local Usage
	0  -  Run Bytes Sent By Job
	0  -  Run Bytes Received By Job
	0  -  Total Bytes Sent By Job
	0  -  Total Bytes Received By Job
	Partitionable Resources :    Usage  Request Allocated
	   Cpus                 :                 1         1
	   Disk (KB)            :        1        1   4566683
	   Memory (MB)          :       33     9096      9096
...
001 (374706.000.000) 05/02 10:52:43 Job executing on host: <192.168.100.60:9618?addrs=192.168.100.60-9618&noUDP&sock=12599_71cd_4>
...
006 (374706.000.000) 05/02 10:52:51 Image size of job updated: 43180
	38  -  MemoryUsage of job (MB)
	38636  -  ResidentSetSize of job (KB)
...
006 (374706.000.000) 05/02 10:53:01 Image size of job updated: 43180
	38  -  MemoryUsage of job (MB)
	38640  -  ResidentSetSize of job (KB)
...
005 (374706.000.000) 05/02 10:53:02 Job terminated.
	(1) Normal termination (return value 1)
		Usr 0 00:00:08, Sys 0 00:00:02  -  Run Remote Usage
		Usr 0 00:00:00, Sys 0 00:00:00  -  Run Local Usage
		Usr 0 00:00:08, Sys 0 00:00:02  -  Total Remote Usage
		Usr 0 00:00:00, Sys 0 00:00:00  -  Total Local Usage
	0  -  Run Bytes Sent By Job
	0  -  Run Bytes Received By Job
	0  -  Total Bytes Sent By Job
	0  -  Total Bytes Received By Job
	Partitionable Resources :    Usage  Request Allocated
	   Cpus                 :                 1         1
	   Disk (KB)            :        1        1   2178413
	   Gpumemory            :                           0
	   Gpus                 :                 1         1
	   Memory (MB)          :       38     9096      9096
...
000 (374709.000.000) 05/02 10:58:45 Job submitted from host: <192.168.100.50:9618?addrs=192.168.100.50-9618&noUDP&sock=1220_65a1_3>
...
001 (374709.000.000) 05/02 10:59:03 Job executing on host: <192.168.100.51:9618?addrs=192.168.100.51-9618&noUDP&sock=1064592_243a_4>
...
006 (374709.000.000) 05/02 10:59:11 Image size of job updated: 51376
	51  -  MemoryUsage of job (MB)
	51376  -  ResidentSetSize of job (KB)
...
006 (374709.000.000) 05/02 11:04:11 Image size of job updated: 11214696
	10951  -  MemoryUsage of job (MB)
	11213540  -  ResidentSetSize of job (KB)
...
006 (374709.000.000) 05/02 11:09:12 Image size of job updated: 32923264
	32151  -  MemoryUsage of job (MB)
	32922108  -  ResidentSetSize of job (KB)
...
006 (374709.000.000) 05/02 11:11:05 Image size of job updated: 41252212
	40285  -  MemoryUsage of job (MB)
	41251056  -  ResidentSetSize of job (KB)
...
004 (374709.000.000) 05/02 11:11:05 Job was evicted.
	(0) Job was not checkpointed.
		Usr 0 00:11:01, Sys 0 00:00:26  -  Run Remote Usage
		Usr 0 00:00:00, Sys 0 00:00:00  -  Run Local Usage
	0  -  Run Bytes Sent By Job
	0  -  Run Bytes Received By Job
	Partitionable Resources :    Usage  Request Allocated
	   Cpus                 :                 1         1
	   Disk (KB)            :        1        1   4566683
	   Memory (MB)          :    40285     9096      9096
...
009 (374709.000.000) 05/02 11:11:05 Job was aborted by the user.
	via condor_rm (by user davidyi6)
...
000 (374748.000.000) 05/02 11:11:18 Job submitted from host: <192.168.100.50:9618?addrs=192.168.100.50-9618&noUDP&sock=1220_65a1_3>
...
001 (374748.000.000) 05/02 11:11:23 Job executing on host: <192.168.100.53:9618?addrs=192.168.100.53-9618&noUDP&sock=1037191_55aa_4>
...
006 (374748.000.000) 05/02 11:11:32 Image size of job updated: 53892
	49  -  MemoryUsage of job (MB)
	49380  -  ResidentSetSize of job (KB)
...
006 (374748.000.000) 05/02 11:16:33 Image size of job updated: 42446300
	41398  -  MemoryUsage of job (MB)
	42391172  -  ResidentSetSize of job (KB)
...
